{"/home/shavinski/rithm/exercises/week-9/jobly-backend/app.js": {"path":"/home/shavinski/rithm/exercises/week-9/jobly-backend/app.js","statementMap":{"0":{"start":{"line":5,"column":16},"end":{"line":5,"column":34}},"1":{"start":{"line":6,"column":13},"end":{"line":6,"column":28}},"2":{"start":{"line":8,"column":26},"end":{"line":8,"column":51}},"3":{"start":{"line":10,"column":28},"end":{"line":10,"column":56}},"4":{"start":{"line":11,"column":19},"end":{"line":11,"column":43}},"5":{"start":{"line":12,"column":24},"end":{"line":12,"column":53}},"6":{"start":{"line":13,"column":20},"end":{"line":13,"column":45}},"7":{"start":{"line":14,"column":19},"end":{"line":14,"column":43}},"8":{"start":{"line":16,"column":15},"end":{"line":16,"column":32}},"9":{"start":{"line":18,"column":12},"end":{"line":18,"column":21}},"10":{"start":{"line":20,"column":0},"end":{"line":20,"column":16}},"11":{"start":{"line":21,"column":0},"end":{"line":21,"column":24}},"12":{"start":{"line":22,"column":0},"end":{"line":22,"column":24}},"13":{"start":{"line":23,"column":0},"end":{"line":23,"column":25}},"14":{"start":{"line":25,"column":0},"end":{"line":25,"column":29}},"15":{"start":{"line":26,"column":0},"end":{"line":26,"column":39}},"16":{"start":{"line":27,"column":0},"end":{"line":27,"column":31}},"17":{"start":{"line":28,"column":0},"end":{"line":28,"column":29}},"18":{"start":{"line":32,"column":0},"end":{"line":34,"column":3}},"19":{"start":{"line":33,"column":2},"end":{"line":33,"column":28}},"20":{"start":{"line":37,"column":0},"end":{"line":45,"column":3}},"21":{"start":{"line":38,"column":2},"end":{"line":38,"column":64}},"22":{"start":{"line":38,"column":39},"end":{"line":38,"column":64}},"23":{"start":{"line":39,"column":17},"end":{"line":39,"column":34}},"24":{"start":{"line":40,"column":18},"end":{"line":40,"column":29}},"25":{"start":{"line":42,"column":2},"end":{"line":44,"column":5}},"26":{"start":{"line":47,"column":0},"end":{"line":47,"column":21}}},"fnMap":{"0":{"name":"(anonymous_0)","decl":{"start":{"line":32,"column":8},"end":{"line":32,"column":9}},"loc":{"start":{"line":32,"column":34},"end":{"line":34,"column":1}},"line":32},"1":{"name":"(anonymous_1)","decl":{"start":{"line":37,"column":8},"end":{"line":37,"column":9}},"loc":{"start":{"line":37,"column":39},"end":{"line":45,"column":1}},"line":37}},"branchMap":{"0":{"loc":{"start":{"line":38,"column":2},"end":{"line":38,"column":64}},"type":"if","locations":[{"start":{"line":38,"column":2},"end":{"line":38,"column":64}},{"start":{},"end":{}}],"line":38},"1":{"loc":{"start":{"line":39,"column":17},"end":{"line":39,"column":34}},"type":"binary-expr","locations":[{"start":{"line":39,"column":17},"end":{"line":39,"column":27}},{"start":{"line":39,"column":31},"end":{"line":39,"column":34}}],"line":39}},"s":{"0":5,"1":5,"2":5,"3":5,"4":5,"5":5,"6":5,"7":5,"8":5,"9":5,"10":5,"11":5,"12":5,"13":5,"14":5,"15":5,"16":5,"17":5,"18":5,"19":2,"20":5,"21":77,"22":1,"23":77,"24":77,"25":77,"26":5},"f":{"0":2,"1":77},"b":{"0":[1,76],"1":[77,0]},"_coverageSchema":"1a1c01bbd47fc00a2c39e90264f33305004495a9","hash":"60e0089cc60fc959216e2f99c593daef5f299315"}
,"/home/shavinski/rithm/exercises/week-9/jobly-backend/config.js": {"path":"/home/shavinski/rithm/exercises/week-9/jobly-backend/config.js","statementMap":{"0":{"start":{"line":5,"column":0},"end":{"line":5,"column":27}},"1":{"start":{"line":6,"column":0},"end":{"line":6,"column":18}},"2":{"start":{"line":8,"column":19},"end":{"line":8,"column":57}},"3":{"start":{"line":10,"column":13},"end":{"line":10,"column":38}},"4":{"start":{"line":14,"column":2},"end":{"line":16,"column":58}},"5":{"start":{"line":22,"column":27},"end":{"line":22,"column":67}},"6":{"start":{"line":24,"column":0},"end":{"line":24,"column":35}},"7":{"start":{"line":25,"column":0},"end":{"line":25,"column":46}},"8":{"start":{"line":26,"column":0},"end":{"line":26,"column":45}},"9":{"start":{"line":27,"column":0},"end":{"line":27,"column":61}},"10":{"start":{"line":28,"column":0},"end":{"line":28,"column":50}},"11":{"start":{"line":29,"column":0},"end":{"line":29,"column":19}},"12":{"start":{"line":31,"column":0},"end":{"line":36,"column":2}}},"fnMap":{"0":{"name":"getDatabaseUri","decl":{"start":{"line":13,"column":9},"end":{"line":13,"column":23}},"loc":{"start":{"line":13,"column":26},"end":{"line":17,"column":1}},"line":13}},"branchMap":{"0":{"loc":{"start":{"line":8,"column":19},"end":{"line":8,"column":57}},"type":"binary-expr","locations":[{"start":{"line":8,"column":19},"end":{"line":8,"column":41}},{"start":{"line":8,"column":45},"end":{"line":8,"column":57}}],"line":8},"1":{"loc":{"start":{"line":10,"column":13},"end":{"line":10,"column":38}},"type":"binary-expr","locations":[{"start":{"line":10,"column":13},"end":{"line":10,"column":30}},{"start":{"line":10,"column":34},"end":{"line":10,"column":38}}],"line":10},"2":{"loc":{"start":{"line":14,"column":9},"end":{"line":16,"column":57}},"type":"cond-expr","locations":[{"start":{"line":15,"column":8},"end":{"line":15,"column":37}},{"start":{"line":16,"column":8},"end":{"line":16,"column":57}}],"line":14},"3":{"loc":{"start":{"line":16,"column":8},"end":{"line":16,"column":57}},"type":"binary-expr","locations":[{"start":{"line":16,"column":8},"end":{"line":16,"column":32}},{"start":{"line":16,"column":36},"end":{"line":16,"column":57}}],"line":16},"4":{"loc":{"start":{"line":22,"column":27},"end":{"line":22,"column":67}},"type":"cond-expr","locations":[{"start":{"line":22,"column":61},"end":{"line":22,"column":62}},{"start":{"line":22,"column":65},"end":{"line":22,"column":67}}],"line":22}},"s":{"0":11,"1":11,"2":11,"3":11,"4":22,"5":11,"6":11,"7":11,"8":11,"9":11,"10":11,"11":11,"12":11},"f":{"0":22},"b":{"0":[11,0],"1":[11,10],"2":[19,3],"3":[3,1],"4":[10,1]},"_coverageSchema":"1a1c01bbd47fc00a2c39e90264f33305004495a9","hash":"2cf6e5db5fed1b668d9d81ab4b0da210a87af9b1"}
,"/home/shavinski/rithm/exercises/week-9/jobly-backend/db.js": {"path":"/home/shavinski/rithm/exercises/week-9/jobly-backend/db.js","statementMap":{"0":{"start":{"line":5,"column":19},"end":{"line":5,"column":32}},"1":{"start":{"line":6,"column":27},"end":{"line":6,"column":46}},"2":{"start":{"line":8,"column":11},"end":{"line":10,"column":2}},"3":{"start":{"line":12,"column":0},"end":{"line":12,"column":13}},"4":{"start":{"line":14,"column":0},"end":{"line":14,"column":20}}},"fnMap":{},"branchMap":{},"s":{"0":8,"1":8,"2":8,"3":8,"4":8},"f":{},"b":{},"_coverageSchema":"1a1c01bbd47fc00a2c39e90264f33305004495a9","hash":"1f90edaa6ff1f8eac085fa163283ca902cc7d6cb"}
,"/home/shavinski/rithm/exercises/week-9/jobly-backend/expressError.js": {"path":"/home/shavinski/rithm/exercises/week-9/jobly-backend/expressError.js","statementMap":{"0":{"start":{"line":11,"column":4},"end":{"line":11,"column":12}},"1":{"start":{"line":12,"column":4},"end":{"line":12,"column":27}},"2":{"start":{"line":13,"column":4},"end":{"line":13,"column":25}},"3":{"start":{"line":21,"column":4},"end":{"line":21,"column":24}},"4":{"start":{"line":29,"column":4},"end":{"line":29,"column":24}},"5":{"start":{"line":37,"column":4},"end":{"line":37,"column":24}},"6":{"start":{"line":45,"column":4},"end":{"line":45,"column":24}},"7":{"start":{"line":49,"column":0},"end":{"line":55,"column":2}}},"fnMap":{"0":{"name":"(anonymous_0)","decl":{"start":{"line":10,"column":2},"end":{"line":10,"column":3}},"loc":{"start":{"line":10,"column":31},"end":{"line":14,"column":3}},"line":10},"1":{"name":"(anonymous_1)","decl":{"start":{"line":20,"column":2},"end":{"line":20,"column":3}},"loc":{"start":{"line":20,"column":37},"end":{"line":22,"column":3}},"line":20},"2":{"name":"(anonymous_2)","decl":{"start":{"line":28,"column":2},"end":{"line":28,"column":3}},"loc":{"start":{"line":28,"column":40},"end":{"line":30,"column":3}},"line":28},"3":{"name":"(anonymous_3)","decl":{"start":{"line":36,"column":2},"end":{"line":36,"column":3}},"loc":{"start":{"line":36,"column":39},"end":{"line":38,"column":3}},"line":36},"4":{"name":"(anonymous_4)","decl":{"start":{"line":44,"column":2},"end":{"line":44,"column":3}},"loc":{"start":{"line":44,"column":39},"end":{"line":46,"column":3}},"line":44}},"branchMap":{"0":{"loc":{"start":{"line":20,"column":14},"end":{"line":20,"column":35}},"type":"default-arg","locations":[{"start":{"line":20,"column":24},"end":{"line":20,"column":35}}],"line":20},"1":{"loc":{"start":{"line":28,"column":14},"end":{"line":28,"column":38}},"type":"default-arg","locations":[{"start":{"line":28,"column":24},"end":{"line":28,"column":38}}],"line":28},"2":{"loc":{"start":{"line":36,"column":14},"end":{"line":36,"column":37}},"type":"default-arg","locations":[{"start":{"line":36,"column":24},"end":{"line":36,"column":37}}],"line":36},"3":{"loc":{"start":{"line":44,"column":14},"end":{"line":44,"column":37}},"type":"default-arg","locations":[{"start":{"line":44,"column":24},"end":{"line":44,"column":37}}],"line":44}},"s":{"0":105,"1":105,"2":105,"3":26,"4":55,"5":24,"6":0,"7":10},"f":{"0":105,"1":26,"2":55,"3":24,"4":0},"b":{"0":[2],"1":[51],"2":[0],"3":[0]},"_coverageSchema":"1a1c01bbd47fc00a2c39e90264f33305004495a9","hash":"46f14c93c2677388c92506a9490c920eb60dac5f"}
,"/home/shavinski/rithm/exercises/week-9/jobly-backend/helpers/sql.js": {"path":"/home/shavinski/rithm/exercises/week-9/jobly-backend/helpers/sql.js","statementMap":{"0":{"start":{"line":3,"column":28},"end":{"line":3,"column":54}},"1":{"start":{"line":23,"column":15},"end":{"line":23,"column":40}},"2":{"start":{"line":24,"column":2},"end":{"line":24,"column":62}},"3":{"start":{"line":24,"column":25},"end":{"line":24,"column":62}},"4":{"start":{"line":27,"column":15},"end":{"line":29,"column":3}},"5":{"start":{"line":28,"column":6},"end":{"line":28,"column":52}},"6":{"start":{"line":31,"column":2},"end":{"line":34,"column":4}},"7":{"start":{"line":37,"column":0},"end":{"line":37,"column":41}}},"fnMap":{"0":{"name":"sqlForPartialUpdate","decl":{"start":{"line":22,"column":9},"end":{"line":22,"column":28}},"loc":{"start":{"line":22,"column":52},"end":{"line":35,"column":1}},"line":22},"1":{"name":"(anonymous_1)","decl":{"start":{"line":27,"column":24},"end":{"line":27,"column":25}},"loc":{"start":{"line":28,"column":6},"end":{"line":28,"column":52}},"line":28}},"branchMap":{"0":{"loc":{"start":{"line":24,"column":2},"end":{"line":24,"column":62}},"type":"if","locations":[{"start":{"line":24,"column":2},"end":{"line":24,"column":62}},{"start":{},"end":{}}],"line":24},"1":{"loc":{"start":{"line":28,"column":10},"end":{"line":28,"column":37}},"type":"binary-expr","locations":[{"start":{"line":28,"column":10},"end":{"line":28,"column":26}},{"start":{"line":28,"column":30},"end":{"line":28,"column":37}}],"line":28}},"s":{"0":9,"1":20,"2":20,"3":3,"4":17,"5":32,"6":17,"7":9},"f":{"0":20,"1":32},"b":{"0":[3,17],"1":[32,17]},"_coverageSchema":"1a1c01bbd47fc00a2c39e90264f33305004495a9","hash":"55d4f593de5f3c93edffb87c037abfa48c7f9f97"}
,"/home/shavinski/rithm/exercises/week-9/jobly-backend/helpers/tokens.js": {"path":"/home/shavinski/rithm/exercises/week-9/jobly-backend/helpers/tokens.js","statementMap":{"0":{"start":{"line":3,"column":12},"end":{"line":3,"column":35}},"1":{"start":{"line":4,"column":23},"end":{"line":4,"column":43}},"2":{"start":{"line":9,"column":2},"end":{"line":10,"column":58}},"3":{"start":{"line":12,"column":16},"end":{"line":15,"column":3}},"4":{"start":{"line":17,"column":2},"end":{"line":17,"column":39}},"5":{"start":{"line":20,"column":0},"end":{"line":20,"column":33}}},"fnMap":{"0":{"name":"createToken","decl":{"start":{"line":8,"column":9},"end":{"line":8,"column":20}},"loc":{"start":{"line":8,"column":27},"end":{"line":18,"column":1}},"line":8}},"branchMap":{"0":{"loc":{"start":{"line":14,"column":13},"end":{"line":14,"column":34}},"type":"binary-expr","locations":[{"start":{"line":14,"column":13},"end":{"line":14,"column":25}},{"start":{"line":14,"column":29},"end":{"line":14,"column":34}}],"line":14}},"s":{"0":6,"1":6,"2":19,"3":19,"4":19,"5":6},"f":{"0":19},"b":{"0":[19,13]},"_coverageSchema":"1a1c01bbd47fc00a2c39e90264f33305004495a9","hash":"3eb815ba908beb99c44d6bf254e32a1f064785de"}
,"/home/shavinski/rithm/exercises/week-9/jobly-backend/middleware/auth.js": {"path":"/home/shavinski/rithm/exercises/week-9/jobly-backend/middleware/auth.js","statementMap":{"0":{"start":{"line":5,"column":12},"end":{"line":5,"column":35}},"1":{"start":{"line":6,"column":23},"end":{"line":6,"column":43}},"2":{"start":{"line":7,"column":30},"end":{"line":7,"column":56}},"3":{"start":{"line":19,"column":21},"end":{"line":19,"column":47}},"4":{"start":{"line":20,"column":2},"end":{"line":28,"column":3}},"5":{"start":{"line":21,"column":18},"end":{"line":21,"column":62}},"6":{"start":{"line":23,"column":4},"end":{"line":27,"column":5}},"7":{"start":{"line":24,"column":6},"end":{"line":24,"column":54}},"8":{"start":{"line":29,"column":2},"end":{"line":29,"column":16}},"9":{"start":{"line":39,"column":2},"end":{"line":39,"column":47}},"10":{"start":{"line":39,"column":33},"end":{"line":39,"column":47}},"11":{"start":{"line":40,"column":2},"end":{"line":40,"column":32}},"12":{"start":{"line":50,"column":2},"end":{"line":52,"column":3}},"13":{"start":{"line":51,"column":4},"end":{"line":51,"column":18}},"14":{"start":{"line":53,"column":2},"end":{"line":53,"column":32}},"15":{"start":{"line":64,"column":15},"end":{"line":64,"column":30}},"16":{"start":{"line":65,"column":19},"end":{"line":65,"column":44}},"17":{"start":{"line":66,"column":2},"end":{"line":68,"column":3}},"18":{"start":{"line":67,"column":4},"end":{"line":67,"column":18}},"19":{"start":{"line":70,"column":2},"end":{"line":70,"column":32}},"20":{"start":{"line":74,"column":0},"end":{"line":79,"column":2}}},"fnMap":{"0":{"name":"authenticateJWT","decl":{"start":{"line":18,"column":9},"end":{"line":18,"column":24}},"loc":{"start":{"line":18,"column":41},"end":{"line":31,"column":1}},"line":18},"1":{"name":"ensureLoggedIn","decl":{"start":{"line":38,"column":9},"end":{"line":38,"column":23}},"loc":{"start":{"line":38,"column":40},"end":{"line":41,"column":1}},"line":38},"2":{"name":"ensureAdmin","decl":{"start":{"line":49,"column":9},"end":{"line":49,"column":20}},"loc":{"start":{"line":49,"column":37},"end":{"line":55,"column":1}},"line":49},"3":{"name":"ensureCorrectUserOrAdmin","decl":{"start":{"line":63,"column":9},"end":{"line":63,"column":33}},"loc":{"start":{"line":63,"column":50},"end":{"line":71,"column":1}},"line":63}},"branchMap":{"0":{"loc":{"start":{"line":20,"column":2},"end":{"line":28,"column":3}},"type":"if","locations":[{"start":{"line":20,"column":2},"end":{"line":28,"column":3}},{"start":{},"end":{}}],"line":20},"1":{"loc":{"start":{"line":39,"column":2},"end":{"line":39,"column":47}},"type":"if","locations":[{"start":{"line":39,"column":2},"end":{"line":39,"column":47}},{"start":{},"end":{}}],"line":39},"2":{"loc":{"start":{"line":50,"column":2},"end":{"line":52,"column":3}},"type":"if","locations":[{"start":{"line":50,"column":2},"end":{"line":52,"column":3}},{"start":{},"end":{}}],"line":50},"3":{"loc":{"start":{"line":50,"column":6},"end":{"line":50,"column":68}},"type":"binary-expr","locations":[{"start":{"line":50,"column":6},"end":{"line":50,"column":31}},{"start":{"line":50,"column":35},"end":{"line":50,"column":68}}],"line":50},"4":{"loc":{"start":{"line":66,"column":2},"end":{"line":68,"column":3}},"type":"if","locations":[{"start":{"line":66,"column":2},"end":{"line":68,"column":3}},{"start":{},"end":{}}],"line":66},"5":{"loc":{"start":{"line":66,"column":6},"end":{"line":66,"column":77}},"type":"binary-expr","locations":[{"start":{"line":66,"column":6},"end":{"line":66,"column":14}},{"start":{"line":66,"column":19},"end":{"line":66,"column":51}},{"start":{"line":66,"column":55},"end":{"line":66,"column":76}}],"line":66}},"s":{"0":6,"1":6,"2":6,"3":109,"4":109,"5":65,"6":65,"7":65,"8":109,"9":3,"10":1,"11":2,"12":55,"13":25,"14":30,"15":37,"16":37,"17":37,"18":18,"19":19,"20":6},"f":{"0":109,"1":3,"2":55,"3":37},"b":{"0":[65,44],"1":[1,2],"2":[25,30],"3":[55,42],"4":[18,19],"5":[37,28,23]},"_coverageSchema":"1a1c01bbd47fc00a2c39e90264f33305004495a9","hash":"24e8d6f9f7bc231ae20ee795a9b96a6129fe2830"}
,"/home/shavinski/rithm/exercises/week-9/jobly-backend/models/_testCommon.js": {"path":"/home/shavinski/rithm/exercises/week-9/jobly-backend/models/_testCommon.js","statementMap":{"0":{"start":{"line":3,"column":15},"end":{"line":3,"column":32}},"1":{"start":{"line":5,"column":11},"end":{"line":5,"column":30}},"2":{"start":{"line":6,"column":31},"end":{"line":6,"column":51}},"3":{"start":{"line":8,"column":19},"end":{"line":8,"column":21}},"4":{"start":{"line":12,"column":2},"end":{"line":12,"column":42}},"5":{"start":{"line":14,"column":2},"end":{"line":14,"column":38}},"6":{"start":{"line":16,"column":2},"end":{"line":20,"column":57}},"7":{"start":{"line":22,"column":22},"end":{"line":28,"column":18}},"8":{"start":{"line":29,"column":2},"end":{"line":29,"column":62}},"9":{"start":{"line":29,"column":55},"end":{"line":29,"column":59}},"10":{"start":{"line":31,"column":2},"end":{"line":42,"column":5}},"11":{"start":{"line":44,"column":2},"end":{"line":47,"column":23}},"12":{"start":{"line":51,"column":2},"end":{"line":51,"column":26}},"13":{"start":{"line":55,"column":2},"end":{"line":55,"column":29}},"14":{"start":{"line":59,"column":2},"end":{"line":59,"column":17}},"15":{"start":{"line":63,"column":0},"end":{"line":69,"column":2}}},"fnMap":{"0":{"name":"commonBeforeAll","decl":{"start":{"line":10,"column":15},"end":{"line":10,"column":30}},"loc":{"start":{"line":10,"column":33},"end":{"line":48,"column":1}},"line":10},"1":{"name":"(anonymous_1)","decl":{"start":{"line":29,"column":50},"end":{"line":29,"column":51}},"loc":{"start":{"line":29,"column":55},"end":{"line":29,"column":59}},"line":29},"2":{"name":"commonBeforeEach","decl":{"start":{"line":50,"column":15},"end":{"line":50,"column":31}},"loc":{"start":{"line":50,"column":34},"end":{"line":52,"column":1}},"line":50},"3":{"name":"commonAfterEach","decl":{"start":{"line":54,"column":15},"end":{"line":54,"column":30}},"loc":{"start":{"line":54,"column":33},"end":{"line":56,"column":1}},"line":54},"4":{"name":"commonAfterAll","decl":{"start":{"line":58,"column":15},"end":{"line":58,"column":29}},"loc":{"start":{"line":58,"column":32},"end":{"line":60,"column":1}},"line":58}},"branchMap":{},"s":{"0":3,"1":3,"2":3,"3":3,"4":3,"5":3,"6":3,"7":3,"8":3,"9":12,"10":3,"11":3,"12":58,"13":58,"14":3,"15":3},"f":{"0":3,"1":12,"2":58,"3":58,"4":3},"b":{},"_coverageSchema":"1a1c01bbd47fc00a2c39e90264f33305004495a9","hash":"651e9d2fe2d441e6830f0252773876015b304e31"}
,"/home/shavinski/rithm/exercises/week-9/jobly-backend/models/company.js": {"path":"/home/shavinski/rithm/exercises/week-9/jobly-backend/models/company.js","statementMap":{"0":{"start":{"line":3,"column":11},"end":{"line":3,"column":27}},"1":{"start":{"line":4,"column":43},"end":{"line":4,"column":69}},"2":{"start":{"line":5,"column":32},"end":{"line":5,"column":57}},"3":{"start":{"line":20,"column":27},"end":{"line":23,"column":37}},"4":{"start":{"line":25,"column":4},"end":{"line":26,"column":64}},"5":{"start":{"line":26,"column":6},"end":{"line":26,"column":64}},"6":{"start":{"line":28,"column":19},"end":{"line":47,"column":5}},"7":{"start":{"line":48,"column":20},"end":{"line":48,"column":34}},"8":{"start":{"line":50,"column":4},"end":{"line":50,"column":19}},"9":{"start":{"line":68,"column":21},"end":{"line":68,"column":23}},"10":{"start":{"line":69,"column":15},"end":{"line":69,"column":17}},"11":{"start":{"line":71,"column":4},"end":{"line":74,"column":5}},"12":{"start":{"line":72,"column":6},"end":{"line":72,"column":30}},"13":{"start":{"line":73,"column":6},"end":{"line":73,"column":58}},"14":{"start":{"line":76,"column":4},"end":{"line":79,"column":5}},"15":{"start":{"line":77,"column":6},"end":{"line":77,"column":30}},"16":{"start":{"line":78,"column":6},"end":{"line":78,"column":58}},"17":{"start":{"line":81,"column":4},"end":{"line":84,"column":5}},"18":{"start":{"line":82,"column":6},"end":{"line":82,"column":33}},"19":{"start":{"line":83,"column":6},"end":{"line":83,"column":52}},"20":{"start":{"line":86,"column":18},"end":{"line":88,"column":10}},"21":{"start":{"line":90,"column":4},"end":{"line":90,"column":32}},"22":{"start":{"line":91,"column":4},"end":{"line":91,"column":27}},"23":{"start":{"line":105,"column":65},"end":{"line":105,"column":78}},"24":{"start":{"line":108,"column":4},"end":{"line":110,"column":5}},"25":{"start":{"line":109,"column":6},"end":{"line":109,"column":76}},"26":{"start":{"line":112,"column":28},"end":{"line":114,"column":6}},"27":{"start":{"line":116,"column":4},"end":{"line":118,"column":5}},"28":{"start":{"line":117,"column":6},"end":{"line":117,"column":24}},"29":{"start":{"line":120,"column":25},"end":{"line":129,"column":38}},"30":{"start":{"line":130,"column":4},"end":{"line":130,"column":29}},"31":{"start":{"line":142,"column":23},"end":{"line":149,"column":37}},"32":{"start":{"line":151,"column":20},"end":{"line":151,"column":38}},"33":{"start":{"line":153,"column":4},"end":{"line":153,"column":67}},"34":{"start":{"line":153,"column":18},"end":{"line":153,"column":67}},"35":{"start":{"line":155,"column":20},"end":{"line":160,"column":5}},"36":{"start":{"line":162,"column":4},"end":{"line":162,"column":32}},"37":{"start":{"line":164,"column":4},"end":{"line":164,"column":19}},"38":{"start":{"line":180,"column":32},"end":{"line":185,"column":8}},"39":{"start":{"line":186,"column":25},"end":{"line":186,"column":50}},"40":{"start":{"line":188,"column":21},"end":{"line":197,"column":34}},"41":{"start":{"line":198,"column":19},"end":{"line":198,"column":64}},"42":{"start":{"line":199,"column":20},"end":{"line":199,"column":34}},"43":{"start":{"line":201,"column":4},"end":{"line":201,"column":67}},"44":{"start":{"line":201,"column":18},"end":{"line":201,"column":67}},"45":{"start":{"line":203,"column":4},"end":{"line":203,"column":19}},"46":{"start":{"line":212,"column":19},"end":{"line":216,"column":36}},"47":{"start":{"line":217,"column":20},"end":{"line":217,"column":34}},"48":{"start":{"line":219,"column":4},"end":{"line":219,"column":67}},"49":{"start":{"line":219,"column":18},"end":{"line":219,"column":67}},"50":{"start":{"line":224,"column":0},"end":{"line":224,"column":25}}},"fnMap":{"0":{"name":"(anonymous_0)","decl":{"start":{"line":19,"column":2},"end":{"line":19,"column":3}},"loc":{"start":{"line":19,"column":76},"end":{"line":51,"column":3}},"line":19},"1":{"name":"(anonymous_1)","decl":{"start":{"line":67,"column":2},"end":{"line":67,"column":3}},"loc":{"start":{"line":67,"column":71},"end":{"line":92,"column":3}},"line":67},"2":{"name":"(anonymous_2)","decl":{"start":{"line":104,"column":2},"end":{"line":104,"column":3}},"loc":{"start":{"line":104,"column":43},"end":{"line":131,"column":3}},"line":104},"3":{"name":"(anonymous_3)","decl":{"start":{"line":141,"column":2},"end":{"line":141,"column":3}},"loc":{"start":{"line":141,"column":27},"end":{"line":165,"column":3}},"line":141},"4":{"name":"(anonymous_4)","decl":{"start":{"line":179,"column":2},"end":{"line":179,"column":3}},"loc":{"start":{"line":179,"column":36},"end":{"line":204,"column":3}},"line":179},"5":{"name":"(anonymous_5)","decl":{"start":{"line":211,"column":2},"end":{"line":211,"column":3}},"loc":{"start":{"line":211,"column":30},"end":{"line":220,"column":3}},"line":211}},"branchMap":{"0":{"loc":{"start":{"line":25,"column":4},"end":{"line":26,"column":64}},"type":"if","locations":[{"start":{"line":25,"column":4},"end":{"line":26,"column":64}},{"start":{},"end":{}}],"line":25},"1":{"loc":{"start":{"line":71,"column":4},"end":{"line":74,"column":5}},"type":"if","locations":[{"start":{"line":71,"column":4},"end":{"line":74,"column":5}},{"start":{},"end":{}}],"line":71},"2":{"loc":{"start":{"line":76,"column":4},"end":{"line":79,"column":5}},"type":"if","locations":[{"start":{"line":76,"column":4},"end":{"line":79,"column":5}},{"start":{},"end":{}}],"line":76},"3":{"loc":{"start":{"line":81,"column":4},"end":{"line":84,"column":5}},"type":"if","locations":[{"start":{"line":81,"column":4},"end":{"line":84,"column":5}},{"start":{},"end":{}}],"line":81},"4":{"loc":{"start":{"line":86,"column":18},"end":{"line":88,"column":10}},"type":"cond-expr","locations":[{"start":{"line":87,"column":6},"end":{"line":87,"column":41}},{"start":{"line":88,"column":8},"end":{"line":88,"column":10}}],"line":86},"5":{"loc":{"start":{"line":104,"column":23},"end":{"line":104,"column":41}},"type":"default-arg","locations":[{"start":{"line":104,"column":39},"end":{"line":104,"column":41}}],"line":104},"6":{"loc":{"start":{"line":105,"column":50},"end":{"line":105,"column":60}},"type":"default-arg","locations":[{"start":{"line":105,"column":59},"end":{"line":105,"column":60}}],"line":105},"7":{"loc":{"start":{"line":108,"column":4},"end":{"line":110,"column":5}},"type":"if","locations":[{"start":{"line":108,"column":4},"end":{"line":110,"column":5}},{"start":{},"end":{}}],"line":108},"8":{"loc":{"start":{"line":116,"column":4},"end":{"line":118,"column":5}},"type":"if","locations":[{"start":{"line":116,"column":4},"end":{"line":118,"column":5}},{"start":{},"end":{}}],"line":116},"9":{"loc":{"start":{"line":153,"column":4},"end":{"line":153,"column":67}},"type":"if","locations":[{"start":{"line":153,"column":4},"end":{"line":153,"column":67}},{"start":{},"end":{}}],"line":153},"10":{"loc":{"start":{"line":201,"column":4},"end":{"line":201,"column":67}},"type":"if","locations":[{"start":{"line":201,"column":4},"end":{"line":201,"column":67}},{"start":{},"end":{}}],"line":201},"11":{"loc":{"start":{"line":219,"column":4},"end":{"line":219,"column":67}},"type":"if","locations":[{"start":{"line":219,"column":4},"end":{"line":219,"column":67}},{"start":{},"end":{}}],"line":219}},"s":{"0":6,"1":6,"2":6,"3":16,"4":16,"5":1,"6":15,"7":15,"8":15,"9":18,"10":18,"11":18,"12":8,"13":8,"14":18,"15":7,"16":7,"17":18,"18":8,"19":8,"20":18,"21":18,"22":18,"23":15,"24":15,"25":1,"26":14,"27":14,"28":14,"29":14,"30":14,"31":5,"32":5,"33":5,"34":2,"35":3,"36":3,"37":3,"38":6,"39":5,"40":5,"41":5,"42":5,"43":5,"44":2,"45":3,"46":4,"47":4,"48":4,"49":2,"50":6},"f":{"0":16,"1":18,"2":15,"3":5,"4":6,"5":4},"b":{"0":[1,15],"1":[8,10],"2":[7,11],"3":[8,10],"4":[14,4],"5":[1],"6":[10],"7":[1,14],"8":[14,0],"9":[2,3],"10":[2,3],"11":[2,2]},"_coverageSchema":"1a1c01bbd47fc00a2c39e90264f33305004495a9","hash":"8f90180f8e308d166483df89ae7dafdf009f81d3"}
,"/home/shavinski/rithm/exercises/week-9/jobly-backend/models/job.js": {"path":"/home/shavinski/rithm/exercises/week-9/jobly-backend/models/job.js","statementMap":{"0":{"start":{"line":3,"column":11},"end":{"line":3,"column":27}},"1":{"start":{"line":4,"column":26},"end":{"line":4,"column":52}},"2":{"start":{"line":5,"column":32},"end":{"line":5,"column":57}},"3":{"start":{"line":21,"column":28},"end":{"line":25,"column":29}},"4":{"start":{"line":26,"column":20},"end":{"line":26,"column":43}},"5":{"start":{"line":28,"column":4},"end":{"line":28,"column":79}},"6":{"start":{"line":28,"column":18},"end":{"line":28,"column":79}},"7":{"start":{"line":30,"column":19},"end":{"line":46,"column":6}},"8":{"start":{"line":47,"column":16},"end":{"line":47,"column":30}},"9":{"start":{"line":49,"column":4},"end":{"line":49,"column":15}},"10":{"start":{"line":67,"column":21},"end":{"line":67,"column":23}},"11":{"start":{"line":68,"column":15},"end":{"line":68,"column":17}},"12":{"start":{"line":70,"column":4},"end":{"line":73,"column":5}},"13":{"start":{"line":71,"column":6},"end":{"line":71,"column":27}},"14":{"start":{"line":72,"column":6},"end":{"line":72,"column":51}},"15":{"start":{"line":75,"column":4},"end":{"line":77,"column":5}},"16":{"start":{"line":76,"column":6},"end":{"line":76,"column":36}},"17":{"start":{"line":79,"column":4},"end":{"line":82,"column":5}},"18":{"start":{"line":80,"column":6},"end":{"line":80,"column":30}},"19":{"start":{"line":81,"column":6},"end":{"line":81,"column":53}},"20":{"start":{"line":84,"column":18},"end":{"line":86,"column":12}},"21":{"start":{"line":88,"column":4},"end":{"line":88,"column":27}},"22":{"start":{"line":103,"column":28},"end":{"line":105,"column":6}},"23":{"start":{"line":107,"column":20},"end":{"line":116,"column":28}},"24":{"start":{"line":118,"column":4},"end":{"line":118,"column":24}},"25":{"start":{"line":130,"column":19},"end":{"line":137,"column":29}},"26":{"start":{"line":139,"column":16},"end":{"line":139,"column":30}},"27":{"start":{"line":141,"column":4},"end":{"line":141,"column":55}},"28":{"start":{"line":141,"column":14},"end":{"line":141,"column":55}},"29":{"start":{"line":143,"column":25},"end":{"line":150,"column":48}},"30":{"start":{"line":152,"column":4},"end":{"line":152,"column":29}},"31":{"start":{"line":153,"column":4},"end":{"line":153,"column":39}},"32":{"start":{"line":155,"column":4},"end":{"line":155,"column":15}},"33":{"start":{"line":171,"column":32},"end":{"line":173,"column":11}},"34":{"start":{"line":174,"column":21},"end":{"line":174,"column":46}},"35":{"start":{"line":176,"column":21},"end":{"line":184,"column":46}},"36":{"start":{"line":185,"column":19},"end":{"line":185,"column":60}},"37":{"start":{"line":186,"column":16},"end":{"line":186,"column":30}},"38":{"start":{"line":188,"column":4},"end":{"line":188,"column":55}},"39":{"start":{"line":188,"column":14},"end":{"line":188,"column":55}},"40":{"start":{"line":190,"column":4},"end":{"line":190,"column":15}},"41":{"start":{"line":199,"column":19},"end":{"line":203,"column":29}},"42":{"start":{"line":204,"column":16},"end":{"line":204,"column":30}},"43":{"start":{"line":206,"column":4},"end":{"line":206,"column":55}},"44":{"start":{"line":206,"column":14},"end":{"line":206,"column":55}},"45":{"start":{"line":210,"column":0},"end":{"line":210,"column":21}}},"fnMap":{"0":{"name":"(anonymous_0)","decl":{"start":{"line":20,"column":2},"end":{"line":20,"column":3}},"loc":{"start":{"line":20,"column":28},"end":{"line":50,"column":3}},"line":20},"1":{"name":"(anonymous_1)","decl":{"start":{"line":66,"column":2},"end":{"line":66,"column":3}},"loc":{"start":{"line":66,"column":62},"end":{"line":89,"column":3}},"line":66},"2":{"name":"(anonymous_2)","decl":{"start":{"line":101,"column":2},"end":{"line":101,"column":3}},"loc":{"start":{"line":101,"column":61},"end":{"line":119,"column":3}},"line":101},"3":{"name":"(anonymous_3)","decl":{"start":{"line":129,"column":2},"end":{"line":129,"column":3}},"loc":{"start":{"line":129,"column":23},"end":{"line":156,"column":3}},"line":129},"4":{"name":"(anonymous_4)","decl":{"start":{"line":170,"column":2},"end":{"line":170,"column":3}},"loc":{"start":{"line":170,"column":32},"end":{"line":191,"column":3}},"line":170},"5":{"name":"(anonymous_5)","decl":{"start":{"line":198,"column":2},"end":{"line":198,"column":3}},"loc":{"start":{"line":198,"column":26},"end":{"line":207,"column":3}},"line":198}},"branchMap":{"0":{"loc":{"start":{"line":28,"column":4},"end":{"line":28,"column":79}},"type":"if","locations":[{"start":{"line":28,"column":4},"end":{"line":28,"column":79}},{"start":{},"end":{}}],"line":28},"1":{"loc":{"start":{"line":70,"column":4},"end":{"line":73,"column":5}},"type":"if","locations":[{"start":{"line":70,"column":4},"end":{"line":73,"column":5}},{"start":{},"end":{}}],"line":70},"2":{"loc":{"start":{"line":75,"column":4},"end":{"line":77,"column":5}},"type":"if","locations":[{"start":{"line":75,"column":4},"end":{"line":77,"column":5}},{"start":{},"end":{}}],"line":75},"3":{"loc":{"start":{"line":79,"column":4},"end":{"line":82,"column":5}},"type":"if","locations":[{"start":{"line":79,"column":4},"end":{"line":82,"column":5}},{"start":{},"end":{}}],"line":79},"4":{"loc":{"start":{"line":84,"column":18},"end":{"line":86,"column":12}},"type":"cond-expr","locations":[{"start":{"line":85,"column":8},"end":{"line":85,"column":43}},{"start":{"line":86,"column":10},"end":{"line":86,"column":12}}],"line":84},"5":{"loc":{"start":{"line":101,"column":23},"end":{"line":101,"column":59}},"type":"default-arg","locations":[{"start":{"line":101,"column":57},"end":{"line":101,"column":59}}],"line":101},"6":{"loc":{"start":{"line":141,"column":4},"end":{"line":141,"column":55}},"type":"if","locations":[{"start":{"line":141,"column":4},"end":{"line":141,"column":55}},{"start":{},"end":{}}],"line":141},"7":{"loc":{"start":{"line":188,"column":4},"end":{"line":188,"column":55}},"type":"if","locations":[{"start":{"line":188,"column":4},"end":{"line":188,"column":55}},{"start":{},"end":{}}],"line":188},"8":{"loc":{"start":{"line":206,"column":4},"end":{"line":206,"column":55}},"type":"if","locations":[{"start":{"line":206,"column":4},"end":{"line":206,"column":55}},{"start":{},"end":{}}],"line":206}},"s":{"0":6,"1":6,"2":6,"3":16,"4":16,"5":16,"6":2,"7":14,"8":14,"9":14,"10":8,"11":8,"12":8,"13":3,"14":3,"15":8,"16":3,"17":8,"18":2,"19":2,"20":8,"21":8,"22":8,"23":8,"24":8,"25":4,"26":4,"27":4,"28":2,"29":2,"30":2,"31":2,"32":2,"33":4,"34":3,"35":3,"36":3,"37":3,"38":3,"39":1,"40":2,"41":4,"42":4,"43":4,"44":2,"45":6},"f":{"0":16,"1":8,"2":8,"3":4,"4":4,"5":4},"b":{"0":[2,14],"1":[3,5],"2":[3,5],"3":[2,6],"4":[6,2],"5":[1],"6":[2,2],"7":[1,2],"8":[2,2]},"_coverageSchema":"1a1c01bbd47fc00a2c39e90264f33305004495a9","hash":"08a93934591ae773a1246d699fa95f4f7b81985c"}
,"/home/shavinski/rithm/exercises/week-9/jobly-backend/models/user.js": {"path":"/home/shavinski/rithm/exercises/week-9/jobly-backend/models/user.js","statementMap":{"0":{"start":{"line":3,"column":11},"end":{"line":3,"column":27}},"1":{"start":{"line":4,"column":15},"end":{"line":4,"column":32}},"2":{"start":{"line":5,"column":32},"end":{"line":5,"column":57}},"3":{"start":{"line":10,"column":4},"end":{"line":10,"column":30}},"4":{"start":{"line":12,"column":31},"end":{"line":12,"column":54}},"5":{"start":{"line":26,"column":19},"end":{"line":35,"column":5}},"6":{"start":{"line":37,"column":17},"end":{"line":37,"column":31}},"7":{"start":{"line":39,"column":4},"end":{"line":46,"column":5}},"8":{"start":{"line":41,"column":22},"end":{"line":41,"column":67}},"9":{"start":{"line":42,"column":6},"end":{"line":45,"column":7}},"10":{"start":{"line":43,"column":8},"end":{"line":43,"column":29}},"11":{"start":{"line":44,"column":8},"end":{"line":44,"column":20}},"12":{"start":{"line":48,"column":4},"end":{"line":48,"column":61}},"13":{"start":{"line":60,"column":27},"end":{"line":64,"column":5}},"14":{"start":{"line":66,"column":4},"end":{"line":68,"column":5}},"15":{"start":{"line":67,"column":6},"end":{"line":67,"column":67}},"16":{"start":{"line":70,"column":27},"end":{"line":70,"column":74}},"17":{"start":{"line":72,"column":19},"end":{"line":94,"column":5}},"18":{"start":{"line":96,"column":17},"end":{"line":96,"column":31}},"19":{"start":{"line":98,"column":4},"end":{"line":98,"column":16}},"20":{"start":{"line":107,"column":19},"end":{"line":115,"column":5}},"21":{"start":{"line":117,"column":4},"end":{"line":117,"column":23}},"22":{"start":{"line":129,"column":20},"end":{"line":137,"column":5}},"23":{"start":{"line":139,"column":17},"end":{"line":139,"column":32}},"24":{"start":{"line":141,"column":4},"end":{"line":141,"column":63}},"25":{"start":{"line":141,"column":15},"end":{"line":141,"column":63}},"26":{"start":{"line":143,"column":32},"end":{"line":146,"column":43}},"27":{"start":{"line":148,"column":4},"end":{"line":148,"column":68}},"28":{"start":{"line":148,"column":58},"end":{"line":148,"column":66}},"29":{"start":{"line":149,"column":4},"end":{"line":149,"column":16}},"30":{"start":{"line":170,"column":4},"end":{"line":172,"column":5}},"31":{"start":{"line":171,"column":6},"end":{"line":171,"column":75}},"32":{"start":{"line":174,"column":32},"end":{"line":180,"column":8}},"33":{"start":{"line":181,"column":27},"end":{"line":181,"column":52}},"34":{"start":{"line":183,"column":21},"end":{"line":191,"column":34}},"35":{"start":{"line":192,"column":19},"end":{"line":192,"column":66}},"36":{"start":{"line":193,"column":17},"end":{"line":193,"column":31}},"37":{"start":{"line":195,"column":4},"end":{"line":195,"column":63}},"38":{"start":{"line":195,"column":15},"end":{"line":195,"column":63}},"39":{"start":{"line":201,"column":32},"end":{"line":204,"column":43}},"40":{"start":{"line":206,"column":4},"end":{"line":206,"column":68}},"41":{"start":{"line":206,"column":58},"end":{"line":206,"column":66}},"42":{"start":{"line":208,"column":4},"end":{"line":208,"column":25}},"43":{"start":{"line":209,"column":4},"end":{"line":209,"column":16}},"44":{"start":{"line":215,"column":17},"end":{"line":220,"column":5}},"45":{"start":{"line":221,"column":17},"end":{"line":221,"column":31}},"46":{"start":{"line":223,"column":4},"end":{"line":223,"column":63}},"47":{"start":{"line":223,"column":15},"end":{"line":223,"column":63}},"48":{"start":{"line":233,"column":21},"end":{"line":236,"column":32}},"49":{"start":{"line":237,"column":16},"end":{"line":237,"column":32}},"50":{"start":{"line":239,"column":4},"end":{"line":239,"column":58}},"51":{"start":{"line":239,"column":14},"end":{"line":239,"column":58}},"52":{"start":{"line":241,"column":22},"end":{"line":244,"column":41}},"53":{"start":{"line":245,"column":17},"end":{"line":245,"column":34}},"54":{"start":{"line":247,"column":4},"end":{"line":247,"column":67}},"55":{"start":{"line":247,"column":15},"end":{"line":247,"column":67}},"56":{"start":{"line":249,"column":4},"end":{"line":251,"column":45}},"57":{"start":{"line":262,"column":21},"end":{"line":265,"column":36}},"58":{"start":{"line":266,"column":16},"end":{"line":266,"column":32}},"59":{"start":{"line":268,"column":4},"end":{"line":268,"column":86}},"60":{"start":{"line":268,"column":14},"end":{"line":268,"column":86}},"61":{"start":{"line":270,"column":22},"end":{"line":273,"column":41}},"62":{"start":{"line":274,"column":17},"end":{"line":274,"column":34}},"63":{"start":{"line":276,"column":4},"end":{"line":276,"column":67}},"64":{"start":{"line":276,"column":15},"end":{"line":276,"column":67}},"65":{"start":{"line":278,"column":4},"end":{"line":281,"column":25}},"66":{"start":{"line":285,"column":0},"end":{"line":285,"column":22}}},"fnMap":{"0":{"name":"(anonymous_0)","decl":{"start":{"line":24,"column":2},"end":{"line":24,"column":3}},"loc":{"start":{"line":24,"column":48},"end":{"line":49,"column":3}},"line":24},"1":{"name":"(anonymous_1)","decl":{"start":{"line":58,"column":2},"end":{"line":58,"column":3}},"loc":{"start":{"line":59,"column":65},"end":{"line":99,"column":3}},"line":59},"2":{"name":"(anonymous_2)","decl":{"start":{"line":106,"column":2},"end":{"line":106,"column":3}},"loc":{"start":{"line":106,"column":25},"end":{"line":118,"column":3}},"line":106},"3":{"name":"(anonymous_3)","decl":{"start":{"line":128,"column":2},"end":{"line":128,"column":3}},"loc":{"start":{"line":128,"column":29},"end":{"line":150,"column":3}},"line":128},"4":{"name":"(anonymous_4)","decl":{"start":{"line":148,"column":53},"end":{"line":148,"column":54}},"loc":{"start":{"line":148,"column":58},"end":{"line":148,"column":66}},"line":148},"5":{"name":"(anonymous_5)","decl":{"start":{"line":169,"column":2},"end":{"line":169,"column":3}},"loc":{"start":{"line":169,"column":38},"end":{"line":210,"column":3}},"line":169},"6":{"name":"(anonymous_6)","decl":{"start":{"line":206,"column":53},"end":{"line":206,"column":54}},"loc":{"start":{"line":206,"column":58},"end":{"line":206,"column":66}},"line":206},"7":{"name":"(anonymous_7)","decl":{"start":{"line":214,"column":2},"end":{"line":214,"column":3}},"loc":{"start":{"line":214,"column":32},"end":{"line":224,"column":3}},"line":214},"8":{"name":"(anonymous_8)","decl":{"start":{"line":232,"column":2},"end":{"line":232,"column":3}},"loc":{"start":{"line":232,"column":43},"end":{"line":252,"column":3}},"line":232},"9":{"name":"(anonymous_9)","decl":{"start":{"line":261,"column":2},"end":{"line":261,"column":3}},"loc":{"start":{"line":261,"column":45},"end":{"line":282,"column":3}},"line":261}},"branchMap":{"0":{"loc":{"start":{"line":39,"column":4},"end":{"line":46,"column":5}},"type":"if","locations":[{"start":{"line":39,"column":4},"end":{"line":46,"column":5}},{"start":{},"end":{}}],"line":39},"1":{"loc":{"start":{"line":42,"column":6},"end":{"line":45,"column":7}},"type":"if","locations":[{"start":{"line":42,"column":6},"end":{"line":45,"column":7}},{"start":{},"end":{}}],"line":42},"2":{"loc":{"start":{"line":66,"column":4},"end":{"line":68,"column":5}},"type":"if","locations":[{"start":{"line":66,"column":4},"end":{"line":68,"column":5}},{"start":{},"end":{}}],"line":66},"3":{"loc":{"start":{"line":141,"column":4},"end":{"line":141,"column":63}},"type":"if","locations":[{"start":{"line":141,"column":4},"end":{"line":141,"column":63}},{"start":{},"end":{}}],"line":141},"4":{"loc":{"start":{"line":170,"column":4},"end":{"line":172,"column":5}},"type":"if","locations":[{"start":{"line":170,"column":4},"end":{"line":172,"column":5}},{"start":{},"end":{}}],"line":170},"5":{"loc":{"start":{"line":195,"column":4},"end":{"line":195,"column":63}},"type":"if","locations":[{"start":{"line":195,"column":4},"end":{"line":195,"column":63}},{"start":{},"end":{}}],"line":195},"6":{"loc":{"start":{"line":223,"column":4},"end":{"line":223,"column":63}},"type":"if","locations":[{"start":{"line":223,"column":4},"end":{"line":223,"column":63}},{"start":{},"end":{}}],"line":223},"7":{"loc":{"start":{"line":239,"column":4},"end":{"line":239,"column":58}},"type":"if","locations":[{"start":{"line":239,"column":4},"end":{"line":239,"column":58}},{"start":{},"end":{}}],"line":239},"8":{"loc":{"start":{"line":247,"column":4},"end":{"line":247,"column":67}},"type":"if","locations":[{"start":{"line":247,"column":4},"end":{"line":247,"column":67}},{"start":{},"end":{}}],"line":247},"9":{"loc":{"start":{"line":268,"column":4},"end":{"line":268,"column":86}},"type":"if","locations":[{"start":{"line":268,"column":4},"end":{"line":268,"column":86}},{"start":{},"end":{}}],"line":268},"10":{"loc":{"start":{"line":276,"column":4},"end":{"line":276,"column":67}},"type":"if","locations":[{"start":{"line":276,"column":4},"end":{"line":276,"column":67}},{"start":{},"end":{}}],"line":276}},"s":{"0":6,"1":6,"2":6,"3":6,"4":6,"5":6,"6":6,"7":6,"8":3,"9":3,"10":2,"11":2,"12":4,"13":19,"14":19,"15":1,"16":18,"17":18,"18":18,"19":18,"20":2,"21":2,"22":5,"23":5,"24":5,"25":2,"26":3,"27":3,"28":3,"29":3,"30":8,"31":2,"32":8,"33":7,"34":7,"35":7,"36":7,"37":7,"38":2,"39":5,"40":5,"41":5,"42":5,"43":5,"44":5,"45":5,"46":5,"47":2,"48":12,"49":12,"50":12,"51":3,"52":9,"53":9,"54":9,"55":2,"56":7,"57":0,"58":0,"59":0,"60":0,"61":0,"62":0,"63":0,"64":0,"65":0,"66":6},"f":{"0":6,"1":19,"2":2,"3":5,"4":3,"5":8,"6":5,"7":5,"8":12,"9":0},"b":{"0":[3,3],"1":[2,1],"2":[1,18],"3":[2,3],"4":[2,6],"5":[2,5],"6":[2,3],"7":[3,9],"8":[2,7],"9":[0,0],"10":[0,0]},"_coverageSchema":"1a1c01bbd47fc00a2c39e90264f33305004495a9","hash":"177720f04671175fef615d03612309e4b858bf11"}
,"/home/shavinski/rithm/exercises/week-9/jobly-backend/routes/_testCommon.js": {"path":"/home/shavinski/rithm/exercises/week-9/jobly-backend/routes/_testCommon.js","statementMap":{"0":{"start":{"line":3,"column":11},"end":{"line":3,"column":30}},"1":{"start":{"line":4,"column":13},"end":{"line":4,"column":38}},"2":{"start":{"line":5,"column":16},"end":{"line":5,"column":44}},"3":{"start":{"line":6,"column":12},"end":{"line":6,"column":36}},"4":{"start":{"line":7,"column":24},"end":{"line":7,"column":52}},"5":{"start":{"line":9,"column":19},"end":{"line":9,"column":21}},"6":{"start":{"line":13,"column":2},"end":{"line":13,"column":38}},"7":{"start":{"line":15,"column":2},"end":{"line":15,"column":42}},"8":{"start":{"line":17,"column":2},"end":{"line":24,"column":9}},"9":{"start":{"line":25,"column":2},"end":{"line":32,"column":9}},"10":{"start":{"line":33,"column":2},"end":{"line":40,"column":9}},"11":{"start":{"line":42,"column":2},"end":{"line":43,"column":74}},"12":{"start":{"line":44,"column":2},"end":{"line":45,"column":74}},"13":{"start":{"line":46,"column":2},"end":{"line":47,"column":77}},"14":{"start":{"line":49,"column":2},"end":{"line":56,"column":5}},"15":{"start":{"line":57,"column":2},"end":{"line":64,"column":5}},"16":{"start":{"line":65,"column":2},"end":{"line":72,"column":5}},"17":{"start":{"line":74,"column":2},"end":{"line":74,"column":45}},"18":{"start":{"line":78,"column":2},"end":{"line":78,"column":26}},"19":{"start":{"line":82,"column":2},"end":{"line":82,"column":29}},"20":{"start":{"line":86,"column":2},"end":{"line":86,"column":17}},"21":{"start":{"line":90,"column":16},"end":{"line":90,"column":63}},"22":{"start":{"line":91,"column":16},"end":{"line":91,"column":63}},"23":{"start":{"line":92,"column":19},"end":{"line":92,"column":68}},"24":{"start":{"line":95,"column":0},"end":{"line":104,"column":2}}},"fnMap":{"0":{"name":"commonBeforeAll","decl":{"start":{"line":11,"column":15},"end":{"line":11,"column":30}},"loc":{"start":{"line":11,"column":33},"end":{"line":75,"column":1}},"line":11},"1":{"name":"commonBeforeEach","decl":{"start":{"line":77,"column":15},"end":{"line":77,"column":31}},"loc":{"start":{"line":77,"column":34},"end":{"line":79,"column":1}},"line":77},"2":{"name":"commonAfterEach","decl":{"start":{"line":81,"column":15},"end":{"line":81,"column":30}},"loc":{"start":{"line":81,"column":33},"end":{"line":83,"column":1}},"line":81},"3":{"name":"commonAfterAll","decl":{"start":{"line":85,"column":15},"end":{"line":85,"column":29}},"loc":{"start":{"line":85,"column":32},"end":{"line":87,"column":1}},"line":85}},"branchMap":{},"s":{"0":4,"1":4,"2":4,"3":4,"4":4,"5":4,"6":4,"7":4,"8":4,"9":4,"10":4,"11":4,"12":4,"13":4,"14":4,"15":4,"16":4,"17":4,"18":104,"19":104,"20":4,"21":4,"22":4,"23":4,"24":4},"f":{"0":4,"1":104,"2":104,"3":4},"b":{},"_coverageSchema":"1a1c01bbd47fc00a2c39e90264f33305004495a9","hash":"ed8ab575a3b9c2e059098f10577c1e863f463456"}
,"/home/shavinski/rithm/exercises/week-9/jobly-backend/routes/auth.js": {"path":"/home/shavinski/rithm/exercises/week-9/jobly-backend/routes/auth.js","statementMap":{"0":{"start":{"line":5,"column":19},"end":{"line":5,"column":40}},"1":{"start":{"line":7,"column":13},"end":{"line":7,"column":38}},"2":{"start":{"line":8,"column":16},"end":{"line":8,"column":34}},"3":{"start":{"line":9,"column":15},"end":{"line":9,"column":35}},"4":{"start":{"line":10,"column":24},"end":{"line":10,"column":52}},"5":{"start":{"line":11,"column":23},"end":{"line":11,"column":58}},"6":{"start":{"line":12,"column":27},"end":{"line":12,"column":66}},"7":{"start":{"line":13,"column":28},"end":{"line":13,"column":54}},"8":{"start":{"line":22,"column":0},"end":{"line":37,"column":3}},"9":{"start":{"line":23,"column":20},"end":{"line":27,"column":3}},"10":{"start":{"line":28,"column":2},"end":{"line":31,"column":3}},"11":{"start":{"line":29,"column":17},"end":{"line":29,"column":51}},"12":{"start":{"line":29,"column":43},"end":{"line":29,"column":50}},"13":{"start":{"line":30,"column":4},"end":{"line":30,"column":36}},"14":{"start":{"line":33,"column":33},"end":{"line":33,"column":41}},"15":{"start":{"line":34,"column":15},"end":{"line":34,"column":58}},"16":{"start":{"line":35,"column":16},"end":{"line":35,"column":33}},"17":{"start":{"line":36,"column":2},"end":{"line":36,"column":29}},"18":{"start":{"line":49,"column":0},"end":{"line":63,"column":3}},"19":{"start":{"line":50,"column":20},"end":{"line":54,"column":3}},"20":{"start":{"line":55,"column":2},"end":{"line":58,"column":3}},"21":{"start":{"line":56,"column":17},"end":{"line":56,"column":51}},"22":{"start":{"line":56,"column":43},"end":{"line":56,"column":50}},"23":{"start":{"line":57,"column":4},"end":{"line":57,"column":36}},"24":{"start":{"line":60,"column":18},"end":{"line":60,"column":70}},"25":{"start":{"line":61,"column":16},"end":{"line":61,"column":36}},"26":{"start":{"line":62,"column":2},"end":{"line":62,"column":41}},"27":{"start":{"line":66,"column":0},"end":{"line":66,"column":24}}},"fnMap":{"0":{"name":"(anonymous_0)","decl":{"start":{"line":22,"column":22},"end":{"line":22,"column":23}},"loc":{"start":{"line":22,"column":54},"end":{"line":37,"column":1}},"line":22},"1":{"name":"(anonymous_1)","decl":{"start":{"line":29,"column":38},"end":{"line":29,"column":39}},"loc":{"start":{"line":29,"column":43},"end":{"line":29,"column":50}},"line":29},"2":{"name":"(anonymous_2)","decl":{"start":{"line":49,"column":25},"end":{"line":49,"column":26}},"loc":{"start":{"line":49,"column":57},"end":{"line":63,"column":1}},"line":49},"3":{"name":"(anonymous_3)","decl":{"start":{"line":56,"column":38},"end":{"line":56,"column":39}},"loc":{"start":{"line":56,"column":43},"end":{"line":56,"column":50}},"line":56}},"branchMap":{"0":{"loc":{"start":{"line":28,"column":2},"end":{"line":31,"column":3}},"type":"if","locations":[{"start":{"line":28,"column":2},"end":{"line":31,"column":3}},{"start":{},"end":{}}],"line":28},"1":{"loc":{"start":{"line":55,"column":2},"end":{"line":58,"column":3}},"type":"if","locations":[{"start":{"line":55,"column":2},"end":{"line":58,"column":3}},{"start":{},"end":{}}],"line":55}},"s":{"0":5,"1":5,"2":5,"3":5,"4":5,"5":5,"6":5,"7":5,"8":5,"9":5,"10":5,"11":2,"12":2,"13":2,"14":3,"15":3,"16":1,"17":1,"18":5,"19":3,"20":3,"21":2,"22":5,"23":2,"24":1,"25":1,"26":1,"27":5},"f":{"0":5,"1":2,"2":3,"3":5},"b":{"0":[2,3],"1":[2,1]},"_coverageSchema":"1a1c01bbd47fc00a2c39e90264f33305004495a9","hash":"d778d81b8a1076f4e895ded07f703be36abf1864"}
,"/home/shavinski/rithm/exercises/week-9/jobly-backend/routes/companies.js": {"path":"/home/shavinski/rithm/exercises/week-9/jobly-backend/routes/companies.js","statementMap":{"0":{"start":{"line":5,"column":19},"end":{"line":5,"column":40}},"1":{"start":{"line":6,"column":16},"end":{"line":6,"column":34}},"2":{"start":{"line":8,"column":28},"end":{"line":8,"column":54}},"3":{"start":{"line":9,"column":24},"end":{"line":9,"column":53}},"4":{"start":{"line":10,"column":16},"end":{"line":10,"column":44}},"5":{"start":{"line":12,"column":25},"end":{"line":12,"column":62}},"6":{"start":{"line":13,"column":28},"end":{"line":13,"column":68}},"7":{"start":{"line":14,"column":28},"end":{"line":14,"column":68}},"8":{"start":{"line":16,"column":15},"end":{"line":16,"column":35}},"9":{"start":{"line":28,"column":0},"end":{"line":41,"column":3}},"10":{"start":{"line":29,"column":20},"end":{"line":33,"column":3}},"11":{"start":{"line":34,"column":2},"end":{"line":37,"column":3}},"12":{"start":{"line":35,"column":17},"end":{"line":35,"column":51}},"13":{"start":{"line":35,"column":43},"end":{"line":35,"column":50}},"14":{"start":{"line":36,"column":4},"end":{"line":36,"column":36}},"15":{"start":{"line":39,"column":18},"end":{"line":39,"column":48}},"16":{"start":{"line":40,"column":2},"end":{"line":40,"column":43}},"17":{"start":{"line":54,"column":0},"end":{"line":73,"column":3}},"18":{"start":{"line":55,"column":12},"end":{"line":55,"column":21}},"19":{"start":{"line":57,"column":2},"end":{"line":57,"column":69}},"20":{"start":{"line":57,"column":36},"end":{"line":57,"column":69}},"21":{"start":{"line":58,"column":2},"end":{"line":58,"column":69}},"22":{"start":{"line":58,"column":36},"end":{"line":58,"column":69}},"23":{"start":{"line":59,"column":2},"end":{"line":59,"column":50}},"24":{"start":{"line":59,"column":30},"end":{"line":59,"column":50}},"25":{"start":{"line":61,"column":20},"end":{"line":65,"column":3}},"26":{"start":{"line":66,"column":2},"end":{"line":69,"column":3}},"27":{"start":{"line":67,"column":17},"end":{"line":67,"column":51}},"28":{"start":{"line":67,"column":43},"end":{"line":67,"column":50}},"29":{"start":{"line":68,"column":4},"end":{"line":68,"column":36}},"30":{"start":{"line":71,"column":20},"end":{"line":71,"column":44}},"31":{"start":{"line":72,"column":2},"end":{"line":72,"column":33}},"32":{"start":{"line":83,"column":0},"end":{"line":86,"column":3}},"33":{"start":{"line":84,"column":18},"end":{"line":84,"column":54}},"34":{"start":{"line":85,"column":2},"end":{"line":85,"column":31}},"35":{"start":{"line":99,"column":0},"end":{"line":112,"column":3}},"36":{"start":{"line":100,"column":20},"end":{"line":104,"column":3}},"37":{"start":{"line":105,"column":2},"end":{"line":108,"column":3}},"38":{"start":{"line":106,"column":17},"end":{"line":106,"column":51}},"39":{"start":{"line":106,"column":43},"end":{"line":106,"column":50}},"40":{"start":{"line":107,"column":4},"end":{"line":107,"column":36}},"41":{"start":{"line":110,"column":18},"end":{"line":110,"column":67}},"42":{"start":{"line":111,"column":2},"end":{"line":111,"column":31}},"43":{"start":{"line":119,"column":0},"end":{"line":122,"column":3}},"44":{"start":{"line":120,"column":2},"end":{"line":120,"column":42}},"45":{"start":{"line":121,"column":2},"end":{"line":121,"column":50}},"46":{"start":{"line":125,"column":0},"end":{"line":125,"column":24}}},"fnMap":{"0":{"name":"(anonymous_0)","decl":{"start":{"line":28,"column":30},"end":{"line":28,"column":31}},"loc":{"start":{"line":28,"column":62},"end":{"line":41,"column":1}},"line":28},"1":{"name":"(anonymous_1)","decl":{"start":{"line":35,"column":38},"end":{"line":35,"column":39}},"loc":{"start":{"line":35,"column":43},"end":{"line":35,"column":50}},"line":35},"2":{"name":"(anonymous_2)","decl":{"start":{"line":54,"column":16},"end":{"line":54,"column":17}},"loc":{"start":{"line":54,"column":48},"end":{"line":73,"column":1}},"line":54},"3":{"name":"(anonymous_3)","decl":{"start":{"line":67,"column":38},"end":{"line":67,"column":39}},"loc":{"start":{"line":67,"column":43},"end":{"line":67,"column":50}},"line":67},"4":{"name":"(anonymous_4)","decl":{"start":{"line":83,"column":23},"end":{"line":83,"column":24}},"loc":{"start":{"line":83,"column":55},"end":{"line":86,"column":1}},"line":83},"5":{"name":"(anonymous_5)","decl":{"start":{"line":99,"column":38},"end":{"line":99,"column":39}},"loc":{"start":{"line":99,"column":70},"end":{"line":112,"column":1}},"line":99},"6":{"name":"(anonymous_6)","decl":{"start":{"line":106,"column":38},"end":{"line":106,"column":39}},"loc":{"start":{"line":106,"column":43},"end":{"line":106,"column":50}},"line":106},"7":{"name":"(anonymous_7)","decl":{"start":{"line":119,"column":39},"end":{"line":119,"column":40}},"loc":{"start":{"line":119,"column":71},"end":{"line":122,"column":1}},"line":119}},"branchMap":{"0":{"loc":{"start":{"line":34,"column":2},"end":{"line":37,"column":3}},"type":"if","locations":[{"start":{"line":34,"column":2},"end":{"line":37,"column":3}},{"start":{},"end":{}}],"line":34},"1":{"loc":{"start":{"line":57,"column":2},"end":{"line":57,"column":69}},"type":"if","locations":[{"start":{"line":57,"column":2},"end":{"line":57,"column":69}},{"start":{},"end":{}}],"line":57},"2":{"loc":{"start":{"line":58,"column":2},"end":{"line":58,"column":69}},"type":"if","locations":[{"start":{"line":58,"column":2},"end":{"line":58,"column":69}},{"start":{},"end":{}}],"line":58},"3":{"loc":{"start":{"line":59,"column":2},"end":{"line":59,"column":50}},"type":"if","locations":[{"start":{"line":59,"column":2},"end":{"line":59,"column":50}},{"start":{},"end":{}}],"line":59},"4":{"loc":{"start":{"line":66,"column":2},"end":{"line":69,"column":3}},"type":"if","locations":[{"start":{"line":66,"column":2},"end":{"line":69,"column":3}},{"start":{},"end":{}}],"line":66},"5":{"loc":{"start":{"line":105,"column":2},"end":{"line":108,"column":3}},"type":"if","locations":[{"start":{"line":105,"column":2},"end":{"line":108,"column":3}},{"start":{},"end":{}}],"line":105}},"s":{"0":5,"1":5,"2":5,"3":5,"4":5,"5":5,"6":5,"7":5,"8":5,"9":5,"10":3,"11":3,"12":2,"13":3,"14":2,"15":1,"16":1,"17":5,"18":4,"19":4,"20":3,"21":4,"22":1,"23":4,"24":0,"25":4,"26":4,"27":1,"28":1,"29":1,"30":3,"31":3,"32":5,"33":3,"34":2,"35":5,"36":4,"37":4,"38":2,"39":2,"40":2,"41":2,"42":1,"43":5,"44":2,"45":1,"46":5},"f":{"0":3,"1":3,"2":4,"3":1,"4":3,"5":4,"6":2,"7":2},"b":{"0":[2,1],"1":[3,1],"2":[1,3],"3":[0,4],"4":[1,3],"5":[2,2]},"_coverageSchema":"1a1c01bbd47fc00a2c39e90264f33305004495a9","hash":"6ba3d2bce31378c0d4768adfa1dd8a568e2f6e88"}
,"/home/shavinski/rithm/exercises/week-9/jobly-backend/routes/jobs.js": {"path":"/home/shavinski/rithm/exercises/week-9/jobly-backend/routes/jobs.js","statementMap":{"0":{"start":{"line":5,"column":19},"end":{"line":5,"column":40}},"1":{"start":{"line":7,"column":16},"end":{"line":7,"column":34}},"2":{"start":{"line":8,"column":28},"end":{"line":8,"column":54}},"3":{"start":{"line":9,"column":24},"end":{"line":9,"column":53}},"4":{"start":{"line":10,"column":12},"end":{"line":10,"column":36}},"5":{"start":{"line":11,"column":21},"end":{"line":11,"column":54}},"6":{"start":{"line":12,"column":24},"end":{"line":12,"column":60}},"7":{"start":{"line":13,"column":24},"end":{"line":13,"column":60}},"8":{"start":{"line":15,"column":15},"end":{"line":15,"column":52}},"9":{"start":{"line":27,"column":0},"end":{"line":40,"column":3}},"10":{"start":{"line":28,"column":20},"end":{"line":32,"column":3}},"11":{"start":{"line":33,"column":2},"end":{"line":36,"column":3}},"12":{"start":{"line":34,"column":17},"end":{"line":34,"column":51}},"13":{"start":{"line":34,"column":43},"end":{"line":34,"column":50}},"14":{"start":{"line":35,"column":4},"end":{"line":35,"column":36}},"15":{"start":{"line":38,"column":14},"end":{"line":38,"column":40}},"16":{"start":{"line":39,"column":2},"end":{"line":39,"column":39}},"17":{"start":{"line":53,"column":0},"end":{"line":71,"column":3}},"18":{"start":{"line":54,"column":12},"end":{"line":54,"column":21}},"19":{"start":{"line":56,"column":2},"end":{"line":56,"column":60}},"20":{"start":{"line":56,"column":33},"end":{"line":56,"column":60}},"21":{"start":{"line":57,"column":2},"end":{"line":57,"column":39}},"22":{"start":{"line":59,"column":20},"end":{"line":63,"column":3}},"23":{"start":{"line":64,"column":2},"end":{"line":67,"column":3}},"24":{"start":{"line":65,"column":17},"end":{"line":65,"column":51}},"25":{"start":{"line":65,"column":43},"end":{"line":65,"column":50}},"26":{"start":{"line":66,"column":4},"end":{"line":66,"column":36}},"27":{"start":{"line":69,"column":15},"end":{"line":69,"column":35}},"28":{"start":{"line":70,"column":2},"end":{"line":70,"column":28}},"29":{"start":{"line":81,"column":0},"end":{"line":84,"column":3}},"30":{"start":{"line":82,"column":14},"end":{"line":82,"column":42}},"31":{"start":{"line":83,"column":2},"end":{"line":83,"column":27}},"32":{"start":{"line":96,"column":0},"end":{"line":109,"column":3}},"33":{"start":{"line":97,"column":20},"end":{"line":101,"column":3}},"34":{"start":{"line":102,"column":2},"end":{"line":105,"column":3}},"35":{"start":{"line":103,"column":17},"end":{"line":103,"column":51}},"36":{"start":{"line":103,"column":43},"end":{"line":103,"column":50}},"37":{"start":{"line":104,"column":4},"end":{"line":104,"column":36}},"38":{"start":{"line":107,"column":14},"end":{"line":107,"column":55}},"39":{"start":{"line":108,"column":2},"end":{"line":108,"column":27}},"40":{"start":{"line":116,"column":0},"end":{"line":119,"column":3}},"41":{"start":{"line":117,"column":2},"end":{"line":117,"column":34}},"42":{"start":{"line":118,"column":2},"end":{"line":118,"column":47}},"43":{"start":{"line":122,"column":0},"end":{"line":122,"column":24}}},"fnMap":{"0":{"name":"(anonymous_0)","decl":{"start":{"line":27,"column":30},"end":{"line":27,"column":31}},"loc":{"start":{"line":27,"column":62},"end":{"line":40,"column":1}},"line":27},"1":{"name":"(anonymous_1)","decl":{"start":{"line":34,"column":38},"end":{"line":34,"column":39}},"loc":{"start":{"line":34,"column":43},"end":{"line":34,"column":50}},"line":34},"2":{"name":"(anonymous_2)","decl":{"start":{"line":53,"column":16},"end":{"line":53,"column":17}},"loc":{"start":{"line":53,"column":48},"end":{"line":71,"column":1}},"line":53},"3":{"name":"(anonymous_3)","decl":{"start":{"line":65,"column":38},"end":{"line":65,"column":39}},"loc":{"start":{"line":65,"column":43},"end":{"line":65,"column":50}},"line":65},"4":{"name":"(anonymous_4)","decl":{"start":{"line":81,"column":19},"end":{"line":81,"column":20}},"loc":{"start":{"line":81,"column":51},"end":{"line":84,"column":1}},"line":81},"5":{"name":"(anonymous_5)","decl":{"start":{"line":96,"column":34},"end":{"line":96,"column":35}},"loc":{"start":{"line":96,"column":66},"end":{"line":109,"column":1}},"line":96},"6":{"name":"(anonymous_6)","decl":{"start":{"line":103,"column":38},"end":{"line":103,"column":39}},"loc":{"start":{"line":103,"column":43},"end":{"line":103,"column":50}},"line":103},"7":{"name":"(anonymous_7)","decl":{"start":{"line":116,"column":35},"end":{"line":116,"column":36}},"loc":{"start":{"line":116,"column":67},"end":{"line":119,"column":1}},"line":116}},"branchMap":{"0":{"loc":{"start":{"line":33,"column":2},"end":{"line":36,"column":3}},"type":"if","locations":[{"start":{"line":33,"column":2},"end":{"line":36,"column":3}},{"start":{},"end":{}}],"line":33},"1":{"loc":{"start":{"line":56,"column":2},"end":{"line":56,"column":60}},"type":"if","locations":[{"start":{"line":56,"column":2},"end":{"line":56,"column":60}},{"start":{},"end":{}}],"line":56},"2":{"loc":{"start":{"line":64,"column":2},"end":{"line":67,"column":3}},"type":"if","locations":[{"start":{"line":64,"column":2},"end":{"line":67,"column":3}},{"start":{},"end":{}}],"line":64},"3":{"loc":{"start":{"line":102,"column":2},"end":{"line":105,"column":3}},"type":"if","locations":[{"start":{"line":102,"column":2},"end":{"line":105,"column":3}},{"start":{},"end":{}}],"line":102}},"s":{"0":5,"1":5,"2":5,"3":5,"4":5,"5":5,"6":5,"7":5,"8":5,"9":5,"10":4,"11":4,"12":2,"13":2,"14":2,"15":2,"16":1,"17":5,"18":4,"19":4,"20":2,"21":4,"22":4,"23":4,"24":1,"25":1,"26":1,"27":3,"28":3,"29":5,"30":2,"31":1,"32":5,"33":4,"34":4,"35":3,"36":6,"37":3,"38":1,"39":1,"40":5,"41":2,"42":1,"43":5},"f":{"0":4,"1":2,"2":4,"3":1,"4":2,"5":4,"6":6,"7":2},"b":{"0":[2,2],"1":[2,2],"2":[1,3],"3":[3,1]},"_coverageSchema":"1a1c01bbd47fc00a2c39e90264f33305004495a9","hash":"df3ecd7a4b9ca0febfb1d006d95e04a1e1f2622c"}
,"/home/shavinski/rithm/exercises/week-9/jobly-backend/routes/users.js": {"path":"/home/shavinski/rithm/exercises/week-9/jobly-backend/routes/users.js","statementMap":{"0":{"start":{"line":5,"column":19},"end":{"line":5,"column":40}},"1":{"start":{"line":7,"column":16},"end":{"line":7,"column":34}},"2":{"start":{"line":8,"column":50},"end":{"line":8,"column":79}},"3":{"start":{"line":9,"column":28},"end":{"line":9,"column":54}},"4":{"start":{"line":10,"column":13},"end":{"line":10,"column":38}},"5":{"start":{"line":11,"column":24},"end":{"line":11,"column":52}},"6":{"start":{"line":12,"column":22},"end":{"line":12,"column":56}},"7":{"start":{"line":13,"column":25},"end":{"line":13,"column":62}},"8":{"start":{"line":15,"column":15},"end":{"line":15,"column":31}},"9":{"start":{"line":30,"column":0},"end":{"line":44,"column":3}},"10":{"start":{"line":31,"column":20},"end":{"line":35,"column":3}},"11":{"start":{"line":36,"column":2},"end":{"line":39,"column":3}},"12":{"start":{"line":37,"column":17},"end":{"line":37,"column":51}},"13":{"start":{"line":37,"column":43},"end":{"line":37,"column":50}},"14":{"start":{"line":38,"column":4},"end":{"line":38,"column":36}},"15":{"start":{"line":41,"column":15},"end":{"line":41,"column":44}},"16":{"start":{"line":42,"column":16},"end":{"line":42,"column":33}},"17":{"start":{"line":43,"column":2},"end":{"line":43,"column":47}},"18":{"start":{"line":54,"column":0},"end":{"line":57,"column":3}},"19":{"start":{"line":55,"column":16},"end":{"line":55,"column":36}},"20":{"start":{"line":56,"column":2},"end":{"line":56,"column":29}},"21":{"start":{"line":68,"column":0},"end":{"line":71,"column":3}},"22":{"start":{"line":69,"column":15},"end":{"line":69,"column":50}},"23":{"start":{"line":70,"column":2},"end":{"line":70,"column":28}},"24":{"start":{"line":84,"column":0},"end":{"line":97,"column":3}},"25":{"start":{"line":85,"column":20},"end":{"line":89,"column":3}},"26":{"start":{"line":90,"column":2},"end":{"line":93,"column":3}},"27":{"start":{"line":91,"column":17},"end":{"line":91,"column":51}},"28":{"start":{"line":91,"column":43},"end":{"line":91,"column":50}},"29":{"start":{"line":92,"column":4},"end":{"line":92,"column":36}},"30":{"start":{"line":95,"column":15},"end":{"line":95,"column":63}},"31":{"start":{"line":96,"column":2},"end":{"line":96,"column":28}},"32":{"start":{"line":105,"column":0},"end":{"line":108,"column":3}},"33":{"start":{"line":106,"column":2},"end":{"line":106,"column":41}},"34":{"start":{"line":107,"column":2},"end":{"line":107,"column":52}},"35":{"start":{"line":118,"column":0},"end":{"line":122,"column":3}},"36":{"start":{"line":119,"column":16},"end":{"line":119,"column":30}},"37":{"start":{"line":120,"column":2},"end":{"line":120,"column":52}},"38":{"start":{"line":121,"column":2},"end":{"line":121,"column":38}},"39":{"start":{"line":131,"column":0},"end":{"line":135,"column":3}},"40":{"start":{"line":132,"column":16},"end":{"line":132,"column":30}},"41":{"start":{"line":133,"column":2},"end":{"line":133,"column":54}},"42":{"start":{"line":134,"column":2},"end":{"line":134,"column":40}},"43":{"start":{"line":138,"column":0},"end":{"line":138,"column":24}}},"fnMap":{"0":{"name":"(anonymous_0)","decl":{"start":{"line":30,"column":30},"end":{"line":30,"column":31}},"loc":{"start":{"line":30,"column":62},"end":{"line":44,"column":1}},"line":30},"1":{"name":"(anonymous_1)","decl":{"start":{"line":37,"column":38},"end":{"line":37,"column":39}},"loc":{"start":{"line":37,"column":43},"end":{"line":37,"column":50}},"line":37},"2":{"name":"(anonymous_2)","decl":{"start":{"line":54,"column":29},"end":{"line":54,"column":30}},"loc":{"start":{"line":54,"column":61},"end":{"line":57,"column":1}},"line":54},"3":{"name":"(anonymous_3)","decl":{"start":{"line":68,"column":51},"end":{"line":68,"column":52}},"loc":{"start":{"line":68,"column":83},"end":{"line":71,"column":1}},"line":68},"4":{"name":"(anonymous_4)","decl":{"start":{"line":84,"column":53},"end":{"line":84,"column":54}},"loc":{"start":{"line":84,"column":85},"end":{"line":97,"column":1}},"line":84},"5":{"name":"(anonymous_5)","decl":{"start":{"line":91,"column":38},"end":{"line":91,"column":39}},"loc":{"start":{"line":91,"column":43},"end":{"line":91,"column":50}},"line":91},"6":{"name":"(anonymous_6)","decl":{"start":{"line":105,"column":54},"end":{"line":105,"column":55}},"loc":{"start":{"line":105,"column":86},"end":{"line":108,"column":1}},"line":105},"7":{"name":"(anonymous_7)","decl":{"start":{"line":118,"column":61},"end":{"line":118,"column":62}},"loc":{"start":{"line":118,"column":93},"end":{"line":122,"column":1}},"line":118},"8":{"name":"(anonymous_8)","decl":{"start":{"line":131,"column":63},"end":{"line":131,"column":64}},"loc":{"start":{"line":131,"column":95},"end":{"line":135,"column":1}},"line":131}},"branchMap":{"0":{"loc":{"start":{"line":36,"column":2},"end":{"line":39,"column":3}},"type":"if","locations":[{"start":{"line":36,"column":2},"end":{"line":39,"column":3}},{"start":{},"end":{}}],"line":36},"1":{"loc":{"start":{"line":90,"column":2},"end":{"line":93,"column":3}},"type":"if","locations":[{"start":{"line":90,"column":2},"end":{"line":93,"column":3}},{"start":{},"end":{}}],"line":90}},"s":{"0":5,"1":5,"2":5,"3":5,"4":5,"5":5,"6":5,"7":5,"8":5,"9":5,"10":4,"11":4,"12":2,"13":5,"14":2,"15":2,"16":2,"17":2,"18":5,"19":1,"20":1,"21":5,"22":3,"23":2,"24":5,"25":5,"26":5,"27":1,"28":1,"29":1,"30":4,"31":3,"32":5,"33":3,"34":2,"35":5,"36":5,"37":5,"38":2,"39":5,"40":0,"41":0,"42":0,"43":5},"f":{"0":4,"1":5,"2":1,"3":3,"4":5,"5":1,"6":3,"7":5,"8":0},"b":{"0":[2,2],"1":[1,4]},"_coverageSchema":"1a1c01bbd47fc00a2c39e90264f33305004495a9","hash":"a9c2b7fd127bc7940f8189d40b410ba9e1da61f5"}
}
